#-----------------------------------------------------------
# Vivado v2015.2 (64-bit)
# SW Build 1266856 on Fri Jun 26 16:35:25 MDT 2015
# IP Build 1264090 on Wed Jun 24 14:22:01 MDT 2015
# Start of session at: Thu Jun 23 06:22:16 2016
# Process ID: 8260
# Log file: D:/verilog/lab3/lab3_3_1/vivado.log
# Journal file: D:/verilog/lab3/lab3_3_1\vivado.jou
#-----------------------------------------------------------
start_gui
open_project D:/verilog/lab3/lab3_3_1/lab3_3_1.xpr
Scanning sources...
Finished scanning sources
INFO: [IP_Flow 19-234] Refreshing IP repositories
INFO: [IP_Flow 19-1704] No user IP repositories specified
INFO: [IP_Flow 19-2313] Loaded Vivado IP repository 'D:/Xilinx/Vivado/2015.2/data/ip'.
launch_simulation
INFO: [USF-XSim-27] Simulation object is 'sim_1'
INFO: [USF-XSim-37] Inspecting design source files for 'ROM_4x2' in fileset 'sim_1'...
INFO: [USF-XSim-66] Exported 'D:/verilog/lab3/lab3_3_1/lab3_3_1.srcs/sim_1/new/ROM_data.txt'
INFO: [USF-XSim-97] Finding global include files...
INFO: [USF-XSim-98] Fetching design files from 'sim_1'...
INFO: [USF-XSim-2] XSim::Compile design
INFO: [USF-XSim-61] Executing 'COMPILE' step in 'D:/verilog/lab3/lab3_3_1/lab3_3_1.sim/sim_1/behav'
"xvlog -m64 --relax -prj ROM_4x2_vlog.prj"
INFO: [VRFC 10-2263] Analyzing Verilog file "D:/verilog/lab3/lab3_3_1/lab3_3_1.srcs/sources_1/new/main.v" into library xil_defaultlib
INFO: [VRFC 10-311] analyzing module ROM_4x2
INFO: [VRFC 10-2263] Analyzing Verilog file "D:/verilog/lab3/lab3_3_1/lab3_3_1.sim/sim_1/behav/glbl.v" into library xil_defaultlib
INFO: [VRFC 10-311] analyzing module glbl
INFO: [USF-XSim-3] XSim::Elaborate design
INFO: [USF-XSim-61] Executing 'ELABORATE' step in 'D:/verilog/lab3/lab3_3_1/lab3_3_1.sim/sim_1/behav'
Vivado Simulator 2015.2
Copyright 1986-1999, 2001-2015 Xilinx, Inc. All Rights Reserved.
Running: D:/Xilinx/Vivado/2015.2/bin/unwrapped/win64.o/xelab.exe -wto e51f4b2799da4edbaaa1c80e95552540 --debug typical --relax --mt 2 -L xil_defaultlib -L unisims_ver -L unimacro_ver -L secureip --snapshot ROM_4x2_behav xil_defaultlib.ROM_4x2 xil_defaultlib.glbl -log elaborate.log 
Using 2 slave threads.
Starting static elaboration
Completed static elaboration
Starting simulation data flow analysis
Completed simulation data flow analysis
Time Resolution for simulation is 1ps
Compiling module xil_defaultlib.ROM_4x2
Compiling module xil_defaultlib.glbl
Waiting for 2 sub-compilation(s) to finish...
Built simulation snapshot ROM_4x2_behav

****** Webtalk v2015.2 (64-bit)
  **** SW Build 1266856 on Fri Jun 26 16:35:25 MDT 2015
  **** IP Build 1264090 on Wed Jun 24 14:22:01 MDT 2015
    ** Copyright 1986-2015 Xilinx, Inc. All Rights Reserved.

source D:/verilog/lab3/lab3_3_1/lab3_3_1.sim/sim_1/behav/xsim.dir/ROM_4x2_behav/webtalk/xsim_webtalk.tcl -notrace

    while executing
"webtalk_transmit -clientid 2894995218 -regid "" -xml D:/verilog/lab3/lab3_3_1/lab3_3_1.sim/sim_1/behav/xsim.dir/ROM_4x2_behav/webtalk/usage_statistics..."
    (file "D:/verilog/lab3/lab3_3_1/lab3_3_1.sim/sim_1/behav/xsim.dir/ROM_4x2_behav/webtalk/xsim_webtalk.tcl" line 41)
INFO: [Common 17-206] Exiting Webtalk at Thu Jun 23 06:22:56 2016...
run_program: Time (s): cpu = 00:00:00 ; elapsed = 00:00:05 . Memory (MB): peak = 777.055 ; gain = 0.000
INFO: [USF-XSim-4] XSim::Simulate design
INFO: [USF-XSim-61] Executing 'SIMULATE' step in 'D:/verilog/lab3/lab3_3_1/lab3_3_1.sim/sim_1/behav'
INFO: [USF-XSim-98] *** Running xsim
   with args "ROM_4x2_behav -key {Behavioral:sim_1:Functional:ROM_4x2} -tclbatch {ROM_4x2.tcl} -log {simulate.log}"
INFO: [USF-XSim-8] Loading simulator feature
Vivado Simulator 2015.2
Time resolution is 1 ps
source ROM_4x2.tcl
# set curr_wave [current_wave_config]
# if { [string length $curr_wave] == 0 } {
#   if { [llength [get_objects]] > 0} {
#     add_wave /
#     set_property needs_save false [current_wave_config]
#   } else {
#      send_msg_id Add_Wave-1 WARNING "No top level signals found. Simulator will start without a wave window. If you want to open a wave window go to 'File->New Waveform Configuration' or type 'create_wave_config' in the TCL console."
#   }
# }
# run 1000ns
INFO: [USF-XSim-96] XSim completed. Design snapshot 'ROM_4x2_behav' loaded.
INFO: [USF-XSim-97] XSim simulation ran for 1000ns
launch_simulation: Time (s): cpu = 00:00:02 ; elapsed = 00:00:08 . Memory (MB): peak = 777.055 ; gain = 0.000
close_sim
INFO: [Simtcl 6-16] Simulation closed
close_sim: Time (s): cpu = 00:00:02 ; elapsed = 00:00:06 . Memory (MB): peak = 797.680 ; gain = 10.543
exit
INFO: [Common 17-206] Exiting Vivado at Thu Jun 23 06:30:57 2016...
